{"/Users/arisnguyen/Desktop/SoftwareEngineeringApp/frontend/src/App.jsx": {"path":"/Users/arisnguyen/Desktop/SoftwareEngineeringApp/frontend/src/App.jsx","statementMap":{"0":{"start":{"line":14,"column":2},"end":{"line":32,"column":4}}},"fnMap":{"0":{"name":"App","decl":{"start":{"line":13,"column":9},"end":{"line":13,"column":12}},"loc":{"start":{"line":13,"column":15},"end":{"line":33,"column":1}},"line":13}},"branchMap":{},"s":{"0":4},"f":{"0":4},"b":{},"_coverageSchema":"1a1c01bbd47fc00a2c39e90264f33305004495a9","hash":"a6368b039cb6001b8f0503fdb2fb9f5073f0e0a9"}
,"/Users/arisnguyen/Desktop/SoftwareEngineeringApp/frontend/src/components/PaginationControls.jsx": {"path":"/Users/arisnguyen/Desktop/SoftwareEngineeringApp/frontend/src/components/PaginationControls.jsx","statementMap":{"0":{"start":{"line":3,"column":27},"end":{"line":21,"column":1}},"1":{"start":{"line":4,"column":2},"end":{"line":20,"column":4}},"2":{"start":{"line":7,"column":23},"end":{"line":7,"column":45}},"3":{"start":{"line":14,"column":23},"end":{"line":14,"column":45}}},"fnMap":{"0":{"name":"(anonymous_0)","decl":{"start":{"line":3,"column":27},"end":{"line":3,"column":28}},"loc":{"start":{"line":3,"column":67},"end":{"line":21,"column":1}},"line":3},"1":{"name":"(anonymous_1)","decl":{"start":{"line":7,"column":17},"end":{"line":7,"column":18}},"loc":{"start":{"line":7,"column":23},"end":{"line":7,"column":45}},"line":7},"2":{"name":"(anonymous_2)","decl":{"start":{"line":14,"column":17},"end":{"line":14,"column":18}},"loc":{"start":{"line":14,"column":23},"end":{"line":14,"column":45}},"line":14}},"branchMap":{},"s":{"0":4,"1":3,"2":0,"3":0},"f":{"0":3,"1":0,"2":0},"b":{},"_coverageSchema":"1a1c01bbd47fc00a2c39e90264f33305004495a9","hash":"58c2a53807a2c0566416dd2eb4898892b7c6b86d"}
,"/Users/arisnguyen/Desktop/SoftwareEngineeringApp/frontend/src/components/ProtectRoute.jsx": {"path":"/Users/arisnguyen/Desktop/SoftwareEngineeringApp/frontend/src/components/ProtectRoute.jsx","statementMap":{"0":{"start":{"line":4,"column":23},"end":{"line":12,"column":1}},"1":{"start":{"line":5,"column":16},"end":{"line":5,"column":45}},"2":{"start":{"line":7,"column":2},"end":{"line":9,"column":3}},"3":{"start":{"line":8,"column":4},"end":{"line":8,"column":44}},"4":{"start":{"line":11,"column":2},"end":{"line":11,"column":17}}},"fnMap":{"0":{"name":"(anonymous_0)","decl":{"start":{"line":4,"column":23},"end":{"line":4,"column":24}},"loc":{"start":{"line":4,"column":40},"end":{"line":12,"column":1}},"line":4}},"branchMap":{"0":{"loc":{"start":{"line":7,"column":2},"end":{"line":9,"column":3}},"type":"if","locations":[{"start":{"line":7,"column":2},"end":{"line":9,"column":3}},{"start":{},"end":{}}],"line":7}},"s":{"0":1,"1":3,"2":3,"3":2,"4":1},"f":{"0":3},"b":{"0":[2,1]},"_coverageSchema":"1a1c01bbd47fc00a2c39e90264f33305004495a9","hash":"15d277ed16f56478f51889b9a65957eb94adf9e7"}
,"/Users/arisnguyen/Desktop/SoftwareEngineeringApp/frontend/src/components/SaveSearchPopover.jsx": {"path":"/Users/arisnguyen/Desktop/SoftwareEngineeringApp/frontend/src/components/SaveSearchPopover.jsx","statementMap":{"0":{"start":{"line":3,"column":26},"end":{"line":72,"column":1}},"1":{"start":{"line":4,"column":26},"end":{"line":4,"column":38}},"2":{"start":{"line":5,"column":34},"end":{"line":5,"column":49}},"3":{"start":{"line":6,"column":32},"end":{"line":6,"column":44}},"4":{"start":{"line":7,"column":19},"end":{"line":7,"column":31}},"5":{"start":{"line":9,"column":2},"end":{"line":13,"column":9}},"6":{"start":{"line":10,"column":4},"end":{"line":12,"column":5}},"7":{"start":{"line":11,"column":6},"end":{"line":11,"column":31}},"8":{"start":{"line":15,"column":21},"end":{"line":41,"column":3}},"9":{"start":{"line":16,"column":4},"end":{"line":19,"column":5}},"10":{"start":{"line":17,"column":6},"end":{"line":17,"column":56}},"11":{"start":{"line":18,"column":6},"end":{"line":18,"column":13}},"12":{"start":{"line":21,"column":4},"end":{"line":21,"column":22}},"13":{"start":{"line":22,"column":4},"end":{"line":22,"column":19}},"14":{"start":{"line":24,"column":4},"end":{"line":40,"column":5}},"15":{"start":{"line":25,"column":6},"end":{"line":25,"column":25}},"16":{"start":{"line":26,"column":6},"end":{"line":26,"column":47}},"17":{"start":{"line":27,"column":6},"end":{"line":31,"column":14}},"18":{"start":{"line":28,"column":8},"end":{"line":28,"column":18}},"19":{"start":{"line":29,"column":8},"end":{"line":29,"column":20}},"20":{"start":{"line":30,"column":8},"end":{"line":30,"column":23}},"21":{"start":{"line":33,"column":6},"end":{"line":37,"column":7}},"22":{"start":{"line":34,"column":8},"end":{"line":34,"column":45}},"23":{"start":{"line":36,"column":8},"end":{"line":36,"column":63}},"24":{"start":{"line":39,"column":6},"end":{"line":39,"column":25}},"25":{"start":{"line":43,"column":2},"end":{"line":71,"column":4}},"26":{"start":{"line":52,"column":27},"end":{"line":52,"column":50}}},"fnMap":{"0":{"name":"(anonymous_0)","decl":{"start":{"line":3,"column":26},"end":{"line":3,"column":27}},"loc":{"start":{"line":3,"column":51},"end":{"line":72,"column":1}},"line":3},"1":{"name":"(anonymous_1)","decl":{"start":{"line":9,"column":12},"end":{"line":9,"column":13}},"loc":{"start":{"line":9,"column":18},"end":{"line":13,"column":3}},"line":9},"2":{"name":"(anonymous_2)","decl":{"start":{"line":15,"column":21},"end":{"line":15,"column":22}},"loc":{"start":{"line":15,"column":33},"end":{"line":41,"column":3}},"line":15},"3":{"name":"(anonymous_3)","decl":{"start":{"line":27,"column":17},"end":{"line":27,"column":18}},"loc":{"start":{"line":27,"column":23},"end":{"line":31,"column":7}},"line":27},"4":{"name":"(anonymous_4)","decl":{"start":{"line":52,"column":20},"end":{"line":52,"column":21}},"loc":{"start":{"line":52,"column":27},"end":{"line":52,"column":50}},"line":52}},"branchMap":{"0":{"loc":{"start":{"line":10,"column":4},"end":{"line":12,"column":5}},"type":"if","locations":[{"start":{"line":10,"column":4},"end":{"line":12,"column":5}},{"start":{},"end":{}}],"line":10},"1":{"loc":{"start":{"line":16,"column":4},"end":{"line":19,"column":5}},"type":"if","locations":[{"start":{"line":16,"column":4},"end":{"line":19,"column":5}},{"start":{},"end":{}}],"line":16},"2":{"loc":{"start":{"line":33,"column":6},"end":{"line":37,"column":7}},"type":"if","locations":[{"start":{"line":33,"column":6},"end":{"line":37,"column":7}},{"start":{"line":35,"column":13},"end":{"line":37,"column":7}}],"line":33},"3":{"loc":{"start":{"line":57,"column":7},"end":{"line":61,"column":7}},"type":"binary-expr","locations":[{"start":{"line":57,"column":7},"end":{"line":57,"column":14}},{"start":{"line":58,"column":8},"end":{"line":60,"column":12}}],"line":57},"4":{"loc":{"start":{"line":58,"column":33},"end":{"line":58,"column":82}},"type":"cond-expr","locations":[{"start":{"line":58,"column":63},"end":{"line":58,"column":72}},{"start":{"line":58,"column":75},"end":{"line":58,"column":82}}],"line":58},"5":{"loc":{"start":{"line":67,"column":11},"end":{"line":67,"column":42}},"type":"cond-expr","locations":[{"start":{"line":67,"column":22},"end":{"line":67,"column":33}},{"start":{"line":67,"column":36},"end":{"line":67,"column":42}}],"line":67}},"s":{"0":3,"1":2,"2":2,"3":2,"4":2,"5":2,"6":2,"7":2,"8":2,"9":0,"10":0,"11":0,"12":0,"13":0,"14":0,"15":0,"16":0,"17":0,"18":0,"19":0,"20":0,"21":0,"22":0,"23":0,"24":0,"25":2,"26":0},"f":{"0":2,"1":2,"2":0,"3":0,"4":0},"b":{"0":[2,0],"1":[0,0],"2":[0,0],"3":[2,0],"4":[0,0],"5":[0,2]},"_coverageSchema":"1a1c01bbd47fc00a2c39e90264f33305004495a9","hash":"f982e4d6bb32b087f40817107b2da4d369e6e64a"}
,"/Users/arisnguyen/Desktop/SoftwareEngineeringApp/frontend/src/components/SearchFilters.jsx": {"path":"/Users/arisnguyen/Desktop/SoftwareEngineeringApp/frontend/src/components/SearchFilters.jsx","statementMap":{"0":{"start":{"line":3,"column":22},"end":{"line":48,"column":1}},"1":{"start":{"line":4,"column":2},"end":{"line":47,"column":4}},"2":{"start":{"line":7,"column":8},"end":{"line":31,"column":14}},"3":{"start":{"line":12,"column":31},"end":{"line":12,"column":74}},"4":{"start":{"line":17,"column":16},"end":{"line":19,"column":25}},"5":{"start":{"line":26,"column":31},"end":{"line":26,"column":80}}},"fnMap":{"0":{"name":"(anonymous_0)","decl":{"start":{"line":3,"column":22},"end":{"line":3,"column":23}},"loc":{"start":{"line":3,"column":97},"end":{"line":48,"column":1}},"line":3},"1":{"name":"(anonymous_1)","decl":{"start":{"line":6,"column":24},"end":{"line":6,"column":25}},"loc":{"start":{"line":7,"column":8},"end":{"line":31,"column":14}},"line":7},"2":{"name":"(anonymous_2)","decl":{"start":{"line":12,"column":24},"end":{"line":12,"column":25}},"loc":{"start":{"line":12,"column":31},"end":{"line":12,"column":74}},"line":12},"3":{"name":"(anonymous_3)","decl":{"start":{"line":16,"column":34},"end":{"line":16,"column":35}},"loc":{"start":{"line":17,"column":16},"end":{"line":19,"column":25}},"line":17},"4":{"name":"(anonymous_4)","decl":{"start":{"line":26,"column":24},"end":{"line":26,"column":25}},"loc":{"start":{"line":26,"column":31},"end":{"line":26,"column":80}},"line":26}},"branchMap":{"0":{"loc":{"start":{"line":9,"column":11},"end":{"line":30,"column":11}},"type":"cond-expr","locations":[{"start":{"line":10,"column":12},"end":{"line":21,"column":21}},{"start":{"line":23,"column":12},"end":{"line":29,"column":14}}],"line":9},"1":{"loc":{"start":{"line":11,"column":21},"end":{"line":11,"column":47}},"type":"binary-expr","locations":[{"start":{"line":11,"column":21},"end":{"line":11,"column":41}},{"start":{"line":11,"column":45},"end":{"line":11,"column":47}}],"line":11},"2":{"loc":{"start":{"line":25,"column":21},"end":{"line":25,"column":47}},"type":"binary-expr","locations":[{"start":{"line":25,"column":21},"end":{"line":25,"column":41}},{"start":{"line":25,"column":45},"end":{"line":25,"column":47}}],"line":25}},"s":{"0":3,"1":26,"2":78,"3":0,"4":144,"5":0},"f":{"0":26,"1":78,"2":0,"3":144,"4":0},"b":{"0":[52,26],"1":[52,52],"2":[26,26]},"_coverageSchema":"1a1c01bbd47fc00a2c39e90264f33305004495a9","hash":"19917d7417c2630dcd61ae95bf4908d45220e254"}
,"/Users/arisnguyen/Desktop/SoftwareEngineeringApp/frontend/src/components/SearchResultsGrid.jsx": {"path":"/Users/arisnguyen/Desktop/SoftwareEngineeringApp/frontend/src/components/SearchResultsGrid.jsx","statementMap":{"0":{"start":{"line":4,"column":26},"end":{"line":48,"column":1}},"1":{"start":{"line":12,"column":2},"end":{"line":12,"column":101}},"2":{"start":{"line":12,"column":15},"end":{"line":12,"column":101}},"3":{"start":{"line":13,"column":2},"end":{"line":13,"column":60}},"4":{"start":{"line":13,"column":13},"end":{"line":13,"column":60}},"5":{"start":{"line":14,"column":2},"end":{"line":14,"column":71}},"6":{"start":{"line":14,"column":42},"end":{"line":14,"column":71}},"7":{"start":{"line":16,"column":20},"end":{"line":16,"column":61}},"8":{"start":{"line":17,"column":19},"end":{"line":17,"column":58}},"9":{"start":{"line":19,"column":2},"end":{"line":47,"column":4}},"10":{"start":{"line":22,"column":8},"end":{"line":44,"column":14}},"11":{"start":{"line":30,"column":18},"end":{"line":30,"column":46}},"12":{"start":{"line":31,"column":18},"end":{"line":31,"column":44}}},"fnMap":{"0":{"name":"(anonymous_0)","decl":{"start":{"line":4,"column":26},"end":{"line":4,"column":27}},"loc":{"start":{"line":11,"column":6},"end":{"line":48,"column":1}},"line":11},"1":{"name":"(anonymous_1)","decl":{"start":{"line":21,"column":17},"end":{"line":21,"column":18}},"loc":{"start":{"line":22,"column":8},"end":{"line":44,"column":14}},"line":22},"2":{"name":"(anonymous_2)","decl":{"start":{"line":29,"column":25},"end":{"line":29,"column":26}},"loc":{"start":{"line":29,"column":32},"end":{"line":32,"column":17}},"line":29}},"branchMap":{"0":{"loc":{"start":{"line":10,"column":2},"end":{"line":10,"column":20}},"type":"default-arg","locations":[{"start":{"line":10,"column":18},"end":{"line":10,"column":20}}],"line":10},"1":{"loc":{"start":{"line":12,"column":2},"end":{"line":12,"column":101}},"type":"if","locations":[{"start":{"line":12,"column":2},"end":{"line":12,"column":101}},{"start":{},"end":{}}],"line":12},"2":{"loc":{"start":{"line":13,"column":2},"end":{"line":13,"column":60}},"type":"if","locations":[{"start":{"line":13,"column":2},"end":{"line":13,"column":60}},{"start":{},"end":{}}],"line":13},"3":{"loc":{"start":{"line":14,"column":2},"end":{"line":14,"column":71}},"type":"if","locations":[{"start":{"line":14,"column":2},"end":{"line":14,"column":71}},{"start":{},"end":{}}],"line":14},"4":{"loc":{"start":{"line":14,"column":6},"end":{"line":14,"column":40}},"type":"binary-expr","locations":[{"start":{"line":14,"column":6},"end":{"line":14,"column":24}},{"start":{"line":14,"column":28},"end":{"line":14,"column":40}}],"line":14},"5":{"loc":{"start":{"line":16,"column":20},"end":{"line":16,"column":61}},"type":"binary-expr","locations":[{"start":{"line":16,"column":20},"end":{"line":16,"column":38}},{"start":{"line":16,"column":42},"end":{"line":16,"column":61}}],"line":16},"6":{"loc":{"start":{"line":17,"column":19},"end":{"line":17,"column":58}},"type":"binary-expr","locations":[{"start":{"line":17,"column":19},"end":{"line":17,"column":36}},{"start":{"line":17,"column":40},"end":{"line":17,"column":58}}],"line":17},"7":{"loc":{"start":{"line":23,"column":11},"end":{"line":43,"column":11}},"type":"cond-expr","locations":[{"start":{"line":24,"column":12},"end":{"line":35,"column":15}},{"start":{"line":37,"column":12},"end":{"line":42,"column":18}}],"line":23},"8":{"loc":{"start":{"line":38,"column":19},"end":{"line":38,"column":49}},"type":"binary-expr","locations":[{"start":{"line":38,"column":19},"end":{"line":38,"column":29}},{"start":{"line":38,"column":33},"end":{"line":38,"column":49}}],"line":38}},"s":{"0":3,"1":26,"2":2,"3":24,"4":2,"5":22,"6":2,"7":20,"8":20,"9":20,"10":0,"11":0,"12":0},"f":{"0":26,"1":0,"2":0},"b":{"0":[14],"1":[2,24],"2":[2,22],"3":[2,20],"4":[22,22],"5":[20,11],"6":[20,11],"7":[0,0],"8":[0,0]},"_coverageSchema":"1a1c01bbd47fc00a2c39e90264f33305004495a9","hash":"cd6f01026a02884e31609efd21faf2beab6abe56"}
,"/Users/arisnguyen/Desktop/SoftwareEngineeringApp/frontend/src/components/useSearch.jsx": {"path":"/Users/arisnguyen/Desktop/SoftwareEngineeringApp/frontend/src/components/useSearch.jsx","statementMap":{"0":{"start":{"line":5,"column":18},"end":{"line":138,"column":1}},"1":{"start":{"line":6,"column":42},"end":{"line":6,"column":59}},"2":{"start":{"line":7,"column":28},"end":{"line":7,"column":65}},"3":{"start":{"line":8,"column":32},"end":{"line":8,"column":44}},"4":{"start":{"line":9,"column":28},"end":{"line":9,"column":42}},"5":{"start":{"line":10,"column":26},"end":{"line":10,"column":37}},"6":{"start":{"line":11,"column":34},"end":{"line":11,"column":46}},"7":{"start":{"line":12,"column":38},"end":{"line":12,"column":49}},"8":{"start":{"line":13,"column":40},"end":{"line":13,"column":55}},"9":{"start":{"line":14,"column":42},"end":{"line":14,"column":53}},"10":{"start":{"line":15,"column":32},"end":{"line":15,"column":56}},"11":{"start":{"line":17,"column":24},"end":{"line":65,"column":3}},"12":{"start":{"line":18,"column":4},"end":{"line":21,"column":5}},"13":{"start":{"line":19,"column":6},"end":{"line":19,"column":28}},"14":{"start":{"line":20,"column":6},"end":{"line":20,"column":13}},"15":{"start":{"line":23,"column":4},"end":{"line":23,"column":25}},"16":{"start":{"line":25,"column":24},"end":{"line":29,"column":6}},"17":{"start":{"line":31,"column":4},"end":{"line":33,"column":7}},"18":{"start":{"line":32,"column":6},"end":{"line":32,"column":67}},"19":{"start":{"line":32,"column":36},"end":{"line":32,"column":67}},"20":{"start":{"line":35,"column":4},"end":{"line":64,"column":5}},"21":{"start":{"line":36,"column":20},"end":{"line":36,"column":49}},"22":{"start":{"line":37,"column":23},"end":{"line":41,"column":8}},"23":{"start":{"line":43,"column":6},"end":{"line":49,"column":7}},"24":{"start":{"line":44,"column":8},"end":{"line":47,"column":9}},"25":{"start":{"line":45,"column":29},"end":{"line":45,"column":70}},"26":{"start":{"line":46,"column":10},"end":{"line":46,"column":85}},"27":{"start":{"line":48,"column":8},"end":{"line":48,"column":66}},"28":{"start":{"line":51,"column":19},"end":{"line":51,"column":40}},"29":{"start":{"line":52,"column":20},"end":{"line":52,"column":38}},"30":{"start":{"line":54,"column":6},"end":{"line":54,"column":24}},"31":{"start":{"line":55,"column":6},"end":{"line":55,"column":57}},"32":{"start":{"line":56,"column":6},"end":{"line":56,"column":79}},"33":{"start":{"line":57,"column":6},"end":{"line":57,"column":21}},"34":{"start":{"line":59,"column":6},"end":{"line":59,"column":107}},"35":{"start":{"line":60,"column":6},"end":{"line":60,"column":21}},"36":{"start":{"line":61,"column":6},"end":{"line":61,"column":25}},"37":{"start":{"line":63,"column":6},"end":{"line":63,"column":28}},"38":{"start":{"line":67,"column":27},"end":{"line":96,"column":3}},"39":{"start":{"line":68,"column":18},"end":{"line":68,"column":47}},"40":{"start":{"line":69,"column":4},"end":{"line":72,"column":5}},"41":{"start":{"line":70,"column":6},"end":{"line":70,"column":46}},"42":{"start":{"line":71,"column":6},"end":{"line":71,"column":13}},"43":{"start":{"line":74,"column":4},"end":{"line":95,"column":5}},"44":{"start":{"line":75,"column":23},"end":{"line":86,"column":8}},"45":{"start":{"line":79,"column":38},"end":{"line":79,"column":55}},"46":{"start":{"line":88,"column":6},"end":{"line":88,"column":27}},"47":{"start":{"line":90,"column":6},"end":{"line":90,"column":51}},"48":{"start":{"line":91,"column":6},"end":{"line":93,"column":7}},"49":{"start":{"line":92,"column":8},"end":{"line":92,"column":29}},"50":{"start":{"line":94,"column":6},"end":{"line":94,"column":66}},"51":{"start":{"line":99,"column":2},"end":{"line":112,"column":9}},"52":{"start":{"line":100,"column":21},"end":{"line":100,"column":42}},"53":{"start":{"line":101,"column":26},"end":{"line":101,"column":28}},"54":{"start":{"line":102,"column":4},"end":{"line":104,"column":7}},"55":{"start":{"line":103,"column":6},"end":{"line":103,"column":55}},"56":{"start":{"line":106,"column":4},"end":{"line":106,"column":30}},"57":{"start":{"line":107,"column":4},"end":{"line":107,"column":29}},"58":{"start":{"line":109,"column":4},"end":{"line":111,"column":5}},"59":{"start":{"line":110,"column":6},"end":{"line":110,"column":30}},"60":{"start":{"line":115,"column":2},"end":{"line":119,"column":32}},"61":{"start":{"line":116,"column":4},"end":{"line":118,"column":5}},"62":{"start":{"line":117,"column":6},"end":{"line":117,"column":27}},"63":{"start":{"line":121,"column":2},"end":{"line":137,"column":4}}},"fnMap":{"0":{"name":"(anonymous_0)","decl":{"start":{"line":5,"column":18},"end":{"line":5,"column":19}},"loc":{"start":{"line":5,"column":48},"end":{"line":138,"column":1}},"line":5},"1":{"name":"(anonymous_1)","decl":{"start":{"line":17,"column":24},"end":{"line":17,"column":25}},"loc":{"start":{"line":17,"column":47},"end":{"line":65,"column":3}},"line":17},"2":{"name":"(anonymous_2)","decl":{"start":{"line":31,"column":36},"end":{"line":31,"column":37}},"loc":{"start":{"line":31,"column":54},"end":{"line":33,"column":5}},"line":31},"3":{"name":"(anonymous_3)","decl":{"start":{"line":67,"column":27},"end":{"line":67,"column":28}},"loc":{"start":{"line":67,"column":54},"end":{"line":96,"column":3}},"line":67},"4":{"name":"(anonymous_4)","decl":{"start":{"line":79,"column":29},"end":{"line":79,"column":30}},"loc":{"start":{"line":79,"column":38},"end":{"line":79,"column":55}},"line":79},"5":{"name":"(anonymous_5)","decl":{"start":{"line":99,"column":12},"end":{"line":99,"column":13}},"loc":{"start":{"line":99,"column":18},"end":{"line":112,"column":3}},"line":99},"6":{"name":"(anonymous_6)","decl":{"start":{"line":102,"column":33},"end":{"line":102,"column":34}},"loc":{"start":{"line":102,"column":40},"end":{"line":104,"column":5}},"line":102},"7":{"name":"(anonymous_7)","decl":{"start":{"line":115,"column":12},"end":{"line":115,"column":13}},"loc":{"start":{"line":115,"column":18},"end":{"line":119,"column":3}},"line":115}},"branchMap":{"0":{"loc":{"start":{"line":7,"column":37},"end":{"line":7,"column":64}},"type":"binary-expr","locations":[{"start":{"line":7,"column":37},"end":{"line":7,"column":58}},{"start":{"line":7,"column":62},"end":{"line":7,"column":64}}],"line":7},"1":{"loc":{"start":{"line":18,"column":4},"end":{"line":21,"column":5}},"type":"if","locations":[{"start":{"line":18,"column":4},"end":{"line":21,"column":5}},{"start":{},"end":{}}],"line":18},"2":{"loc":{"start":{"line":32,"column":6},"end":{"line":32,"column":67}},"type":"if","locations":[{"start":{"line":32,"column":6},"end":{"line":32,"column":67}},{"start":{},"end":{}}],"line":32},"3":{"loc":{"start":{"line":32,"column":10},"end":{"line":32,"column":34}},"type":"binary-expr","locations":[{"start":{"line":32,"column":10},"end":{"line":32,"column":15}},{"start":{"line":32,"column":19},"end":{"line":32,"column":34}}],"line":32},"4":{"loc":{"start":{"line":43,"column":6},"end":{"line":49,"column":7}},"type":"if","locations":[{"start":{"line":43,"column":6},"end":{"line":49,"column":7}},{"start":{},"end":{}}],"line":43},"5":{"loc":{"start":{"line":44,"column":8},"end":{"line":47,"column":9}},"type":"if","locations":[{"start":{"line":44,"column":8},"end":{"line":47,"column":9}},{"start":{},"end":{}}],"line":44},"6":{"loc":{"start":{"line":45,"column":29},"end":{"line":45,"column":70}},"type":"binary-expr","locations":[{"start":{"line":45,"column":29},"end":{"line":45,"column":64}},{"start":{"line":45,"column":68},"end":{"line":45,"column":70}}],"line":45},"7":{"loc":{"start":{"line":52,"column":20},"end":{"line":52,"column":38}},"type":"binary-expr","locations":[{"start":{"line":52,"column":20},"end":{"line":52,"column":32}},{"start":{"line":52,"column":36},"end":{"line":52,"column":38}}],"line":52},"8":{"loc":{"start":{"line":55,"column":22},"end":{"line":55,"column":55}},"type":"binary-expr","locations":[{"start":{"line":55,"column":22},"end":{"line":55,"column":39}},{"start":{"line":55,"column":43},"end":{"line":55,"column":55}}],"line":55},"9":{"loc":{"start":{"line":56,"column":31},"end":{"line":56,"column":64}},"type":"binary-expr","locations":[{"start":{"line":56,"column":31},"end":{"line":56,"column":48}},{"start":{"line":56,"column":52},"end":{"line":56,"column":64}}],"line":56},"10":{"loc":{"start":{"line":59,"column":15},"end":{"line":59,"column":105}},"type":"cond-expr","locations":[{"start":{"line":59,"column":50},"end":{"line":59,"column":59}},{"start":{"line":59,"column":62},"end":{"line":59,"column":105}}],"line":59},"11":{"loc":{"start":{"line":69,"column":4},"end":{"line":72,"column":5}},"type":"if","locations":[{"start":{"line":69,"column":4},"end":{"line":72,"column":5}},{"start":{},"end":{}}],"line":69},"12":{"loc":{"start":{"line":91,"column":6},"end":{"line":93,"column":7}},"type":"if","locations":[{"start":{"line":91,"column":6},"end":{"line":93,"column":7}},{"start":{},"end":{}}],"line":91},"13":{"loc":{"start":{"line":103,"column":27},"end":{"line":103,"column":54}},"type":"binary-expr","locations":[{"start":{"line":103,"column":27},"end":{"line":103,"column":48}},{"start":{"line":103,"column":52},"end":{"line":103,"column":54}}],"line":103},"14":{"loc":{"start":{"line":107,"column":13},"end":{"line":107,"column":27}},"type":"binary-expr","locations":[{"start":{"line":107,"column":13},"end":{"line":107,"column":21}},{"start":{"line":107,"column":25},"end":{"line":107,"column":27}}],"line":107},"15":{"loc":{"start":{"line":109,"column":4},"end":{"line":111,"column":5}},"type":"if","locations":[{"start":{"line":109,"column":4},"end":{"line":111,"column":5}},{"start":{},"end":{}}],"line":109},"16":{"loc":{"start":{"line":116,"column":4},"end":{"line":118,"column":5}},"type":"if","locations":[{"start":{"line":116,"column":4},"end":{"line":118,"column":5}},{"start":{},"end":{}}],"line":116}},"s":{"0":1,"1":0,"2":0,"3":0,"4":0,"5":0,"6":0,"7":0,"8":0,"9":0,"10":0,"11":0,"12":0,"13":0,"14":0,"15":0,"16":0,"17":0,"18":0,"19":0,"20":0,"21":0,"22":0,"23":0,"24":0,"25":0,"26":0,"27":0,"28":0,"29":0,"30":0,"31":0,"32":0,"33":0,"34":0,"35":0,"36":0,"37":0,"38":0,"39":0,"40":0,"41":0,"42":0,"43":0,"44":0,"45":0,"46":0,"47":0,"48":0,"49":0,"50":0,"51":0,"52":0,"53":0,"54":0,"55":0,"56":0,"57":0,"58":0,"59":0,"60":0,"61":0,"62":0,"63":0},"f":{"0":0,"1":0,"2":0,"3":0,"4":0,"5":0,"6":0,"7":0},"b":{"0":[0,0],"1":[0,0],"2":[0,0],"3":[0,0],"4":[0,0],"5":[0,0],"6":[0,0],"7":[0,0],"8":[0,0],"9":[0,0],"10":[0,0],"11":[0,0],"12":[0,0],"13":[0,0],"14":[0,0],"15":[0,0],"16":[0,0]},"_coverageSchema":"1a1c01bbd47fc00a2c39e90264f33305004495a9","hash":"7990ac99f7ce9b3e2c3522ad13922dee390337ac"}
,"/Users/arisnguyen/Desktop/SoftwareEngineeringApp/frontend/src/pages/AudioSearch.jsx": {"path":"/Users/arisnguyen/Desktop/SoftwareEngineeringApp/frontend/src/pages/AudioSearch.jsx","statementMap":{"0":{"start":{"line":8,"column":20},"end":{"line":138,"column":1}},"1":{"start":{"line":9,"column":48},"end":{"line":9,"column":63}},"2":{"start":{"line":10,"column":29},"end":{"line":12,"column":3}},"3":{"start":{"line":11,"column":4},"end":{"line":11,"column":30}},"4":{"start":{"line":14,"column":25},"end":{"line":18,"column":3}},"5":{"start":{"line":20,"column":23},"end":{"line":24,"column":3}},"6":{"start":{"line":42,"column":6},"end":{"line":42,"column":48}},"7":{"start":{"line":45,"column":29},"end":{"line":49,"column":3}},"8":{"start":{"line":46,"column":23},"end":{"line":46,"column":52}},"9":{"start":{"line":47,"column":4},"end":{"line":47,"column":27}},"10":{"start":{"line":48,"column":4},"end":{"line":48,"column":15}},"11":{"start":{"line":51,"column":31},"end":{"line":54,"column":3}},"12":{"start":{"line":52,"column":4},"end":{"line":52,"column":40}},"13":{"start":{"line":53,"column":4},"end":{"line":53,"column":15}},"14":{"start":{"line":56,"column":23},"end":{"line":56,"column":49}},"15":{"start":{"line":56,"column":29},"end":{"line":56,"column":49}},"16":{"start":{"line":58,"column":2},"end":{"line":137,"column":4}},"17":{"start":{"line":63,"column":25},"end":{"line":63,"column":49}},"18":{"start":{"line":74,"column":27},"end":{"line":74,"column":51}},"19":{"start":{"line":77,"column":28},"end":{"line":77,"column":63}},"20":{"start":{"line":128,"column":34},"end":{"line":128,"column":65}}},"fnMap":{"0":{"name":"(anonymous_0)","decl":{"start":{"line":8,"column":20},"end":{"line":8,"column":21}},"loc":{"start":{"line":8,"column":26},"end":{"line":138,"column":1}},"line":8},"1":{"name":"(anonymous_1)","decl":{"start":{"line":10,"column":29},"end":{"line":10,"column":30}},"loc":{"start":{"line":10,"column":35},"end":{"line":12,"column":3}},"line":10},"2":{"name":"(anonymous_2)","decl":{"start":{"line":45,"column":29},"end":{"line":45,"column":30}},"loc":{"start":{"line":45,"column":46},"end":{"line":49,"column":3}},"line":45},"3":{"name":"(anonymous_3)","decl":{"start":{"line":51,"column":31},"end":{"line":51,"column":32}},"loc":{"start":{"line":51,"column":38},"end":{"line":54,"column":3}},"line":51},"4":{"name":"(anonymous_4)","decl":{"start":{"line":56,"column":23},"end":{"line":56,"column":24}},"loc":{"start":{"line":56,"column":29},"end":{"line":56,"column":49}},"line":56},"5":{"name":"(anonymous_5)","decl":{"start":{"line":63,"column":19},"end":{"line":63,"column":20}},"loc":{"start":{"line":63,"column":25},"end":{"line":63,"column":49}},"line":63},"6":{"name":"(anonymous_6)","decl":{"start":{"line":74,"column":20},"end":{"line":74,"column":21}},"loc":{"start":{"line":74,"column":27},"end":{"line":74,"column":51}},"line":74},"7":{"name":"(anonymous_7)","decl":{"start":{"line":77,"column":21},"end":{"line":77,"column":22}},"loc":{"start":{"line":77,"column":28},"end":{"line":77,"column":63}},"line":77},"8":{"name":"(anonymous_8)","decl":{"start":{"line":128,"column":24},"end":{"line":128,"column":25}},"loc":{"start":{"line":128,"column":34},"end":{"line":128,"column":65}},"line":128}},"branchMap":{"0":{"loc":{"start":{"line":77,"column":28},"end":{"line":77,"column":63}},"type":"binary-expr","locations":[{"start":{"line":77,"column":28},"end":{"line":77,"column":45}},{"start":{"line":77,"column":49},"end":{"line":77,"column":63}}],"line":77},"1":{"loc":{"start":{"line":84,"column":11},"end":{"line":84,"column":50}},"type":"cond-expr","locations":[{"start":{"line":84,"column":25},"end":{"line":84,"column":39}},{"start":{"line":84,"column":42},"end":{"line":84,"column":50}}],"line":84},"2":{"loc":{"start":{"line":106,"column":24},"end":{"line":106,"column":96}},"type":"cond-expr","locations":[{"start":{"line":106,"column":48},"end":{"line":106,"column":89}},{"start":{"line":106,"column":92},"end":{"line":106,"column":96}}],"line":106},"3":{"loc":{"start":{"line":106,"column":24},"end":{"line":106,"column":45}},"type":"binary-expr","locations":[{"start":{"line":106,"column":24},"end":{"line":106,"column":36}},{"start":{"line":106,"column":40},"end":{"line":106,"column":45}}],"line":106},"4":{"loc":{"start":{"line":114,"column":7},"end":{"line":120,"column":7}},"type":"binary-expr","locations":[{"start":{"line":114,"column":7},"end":{"line":114,"column":25}},{"start":{"line":115,"column":8},"end":{"line":119,"column":10}}],"line":114},"5":{"loc":{"start":{"line":122,"column":7},"end":{"line":133,"column":7}},"type":"binary-expr","locations":[{"start":{"line":122,"column":7},"end":{"line":122,"column":22}},{"start":{"line":123,"column":8},"end":{"line":132,"column":14}}],"line":122}},"s":{"0":2,"1":12,"2":12,"3":0,"4":12,"5":12,"6":12,"7":12,"8":0,"9":0,"10":0,"11":12,"12":0,"13":0,"14":12,"15":2,"16":12,"17":1,"18":0,"19":1,"20":0},"f":{"0":12,"1":0,"2":0,"3":0,"4":2,"5":1,"6":0,"7":1,"8":0},"b":{"0":[1,1],"1":[1,11],"2":[1,11],"3":[12,11],"4":[12,0],"5":[12,1]},"_coverageSchema":"1a1c01bbd47fc00a2c39e90264f33305004495a9","hash":"afdd2864fc43a8bca2a571d0b46ad2bf43a5b83a"}
,"/Users/arisnguyen/Desktop/SoftwareEngineeringApp/frontend/src/pages/HomePage.jsx": {"path":"/Users/arisnguyen/Desktop/SoftwareEngineeringApp/frontend/src/pages/HomePage.jsx","statementMap":{"0":{"start":{"line":5,"column":17},"end":{"line":30,"column":1}},"1":{"start":{"line":6,"column":19},"end":{"line":6,"column":32}},"2":{"start":{"line":8,"column":23},"end":{"line":10,"column":3}},"3":{"start":{"line":9,"column":4},"end":{"line":9,"column":24}},"4":{"start":{"line":12,"column":2},"end":{"line":29,"column":4}}},"fnMap":{"0":{"name":"(anonymous_0)","decl":{"start":{"line":5,"column":17},"end":{"line":5,"column":18}},"loc":{"start":{"line":5,"column":23},"end":{"line":30,"column":1}},"line":5},"1":{"name":"(anonymous_1)","decl":{"start":{"line":8,"column":23},"end":{"line":8,"column":24}},"loc":{"start":{"line":8,"column":29},"end":{"line":10,"column":3}},"line":8}},"branchMap":{},"s":{"0":1,"1":0,"2":0,"3":0,"4":0},"f":{"0":0,"1":0},"b":{},"_coverageSchema":"1a1c01bbd47fc00a2c39e90264f33305004495a9","hash":"cd1425d4849784665990aecb7c3076161845d264"}
,"/Users/arisnguyen/Desktop/SoftwareEngineeringApp/frontend/src/pages/ImageSearch.jsx": {"path":"/Users/arisnguyen/Desktop/SoftwareEngineeringApp/frontend/src/pages/ImageSearch.jsx","statementMap":{"0":{"start":{"line":9,"column":20},"end":{"line":124,"column":1}},"1":{"start":{"line":10,"column":48},"end":{"line":10,"column":63}},"2":{"start":{"line":11,"column":29},"end":{"line":13,"column":3}},"3":{"start":{"line":12,"column":4},"end":{"line":12,"column":30}},"4":{"start":{"line":15,"column":25},"end":{"line":19,"column":3}},"5":{"start":{"line":21,"column":23},"end":{"line":25,"column":3}},"6":{"start":{"line":43,"column":6},"end":{"line":43,"column":49}},"7":{"start":{"line":46,"column":29},"end":{"line":50,"column":3}},"8":{"start":{"line":47,"column":23},"end":{"line":47,"column":52}},"9":{"start":{"line":48,"column":4},"end":{"line":48,"column":27}},"10":{"start":{"line":49,"column":4},"end":{"line":49,"column":15}},"11":{"start":{"line":52,"column":31},"end":{"line":55,"column":3}},"12":{"start":{"line":53,"column":4},"end":{"line":53,"column":40}},"13":{"start":{"line":54,"column":4},"end":{"line":54,"column":15}},"14":{"start":{"line":57,"column":23},"end":{"line":57,"column":49}},"15":{"start":{"line":57,"column":29},"end":{"line":57,"column":49}},"16":{"start":{"line":59,"column":2},"end":{"line":123,"column":4}},"17":{"start":{"line":64,"column":25},"end":{"line":64,"column":49}},"18":{"start":{"line":75,"column":27},"end":{"line":75,"column":51}},"19":{"start":{"line":116,"column":34},"end":{"line":116,"column":65}}},"fnMap":{"0":{"name":"(anonymous_0)","decl":{"start":{"line":9,"column":20},"end":{"line":9,"column":21}},"loc":{"start":{"line":9,"column":26},"end":{"line":124,"column":1}},"line":9},"1":{"name":"(anonymous_1)","decl":{"start":{"line":11,"column":29},"end":{"line":11,"column":30}},"loc":{"start":{"line":11,"column":35},"end":{"line":13,"column":3}},"line":11},"2":{"name":"(anonymous_2)","decl":{"start":{"line":46,"column":29},"end":{"line":46,"column":30}},"loc":{"start":{"line":46,"column":46},"end":{"line":50,"column":3}},"line":46},"3":{"name":"(anonymous_3)","decl":{"start":{"line":52,"column":31},"end":{"line":52,"column":32}},"loc":{"start":{"line":52,"column":38},"end":{"line":55,"column":3}},"line":52},"4":{"name":"(anonymous_4)","decl":{"start":{"line":57,"column":23},"end":{"line":57,"column":24}},"loc":{"start":{"line":57,"column":29},"end":{"line":57,"column":49}},"line":57},"5":{"name":"(anonymous_5)","decl":{"start":{"line":64,"column":19},"end":{"line":64,"column":20}},"loc":{"start":{"line":64,"column":25},"end":{"line":64,"column":49}},"line":64},"6":{"name":"(anonymous_6)","decl":{"start":{"line":75,"column":20},"end":{"line":75,"column":21}},"loc":{"start":{"line":75,"column":27},"end":{"line":75,"column":51}},"line":75},"7":{"name":"(anonymous_7)","decl":{"start":{"line":116,"column":24},"end":{"line":116,"column":25}},"loc":{"start":{"line":116,"column":34},"end":{"line":116,"column":65}},"line":116}},"branchMap":{"0":{"loc":{"start":{"line":80,"column":11},"end":{"line":80,"column":50}},"type":"cond-expr","locations":[{"start":{"line":80,"column":25},"end":{"line":80,"column":39}},{"start":{"line":80,"column":42},"end":{"line":80,"column":50}}],"line":80},"1":{"loc":{"start":{"line":99,"column":20},"end":{"line":99,"column":92}},"type":"cond-expr","locations":[{"start":{"line":99,"column":44},"end":{"line":99,"column":85}},{"start":{"line":99,"column":88},"end":{"line":99,"column":92}}],"line":99},"2":{"loc":{"start":{"line":99,"column":20},"end":{"line":99,"column":41}},"type":"binary-expr","locations":[{"start":{"line":99,"column":20},"end":{"line":99,"column":32}},{"start":{"line":99,"column":36},"end":{"line":99,"column":41}}],"line":99},"3":{"loc":{"start":{"line":102,"column":7},"end":{"line":108,"column":7}},"type":"binary-expr","locations":[{"start":{"line":102,"column":7},"end":{"line":102,"column":25}},{"start":{"line":103,"column":8},"end":{"line":107,"column":10}}],"line":102},"4":{"loc":{"start":{"line":110,"column":7},"end":{"line":121,"column":7}},"type":"binary-expr","locations":[{"start":{"line":110,"column":7},"end":{"line":110,"column":22}},{"start":{"line":111,"column":8},"end":{"line":120,"column":14}}],"line":110}},"s":{"0":2,"1":14,"2":14,"3":0,"4":14,"5":14,"6":14,"7":14,"8":0,"9":0,"10":0,"11":14,"12":0,"13":0,"14":14,"15":1,"16":14,"17":1,"18":1,"19":0},"f":{"0":14,"1":0,"2":0,"3":0,"4":1,"5":1,"6":1,"7":0},"b":{"0":[1,13],"1":[1,13],"2":[14,13],"3":[14,0],"4":[14,1]},"_coverageSchema":"1a1c01bbd47fc00a2c39e90264f33305004495a9","hash":"6ded285d497256a0894737412bea2f3ecc9c97d6"}
,"/Users/arisnguyen/Desktop/SoftwareEngineeringApp/frontend/src/pages/LandingPage.jsx": {"path":"/Users/arisnguyen/Desktop/SoftwareEngineeringApp/frontend/src/pages/LandingPage.jsx","statementMap":{"0":{"start":{"line":7,"column":20},"end":{"line":49,"column":1}},"1":{"start":{"line":8,"column":19},"end":{"line":8,"column":32}},"2":{"start":{"line":9,"column":32},"end":{"line":9,"column":46}},"3":{"start":{"line":10,"column":32},"end":{"line":10,"column":44}},"4":{"start":{"line":12,"column":2},"end":{"line":16,"column":23}},"5":{"start":{"line":13,"column":4},"end":{"line":15,"column":5}},"6":{"start":{"line":14,"column":6},"end":{"line":14,"column":23}},"7":{"start":{"line":18,"column":2},"end":{"line":48,"column":4}},"8":{"start":{"line":32,"column":44},"end":{"line":32,"column":61}},"9":{"start":{"line":39,"column":44},"end":{"line":39,"column":60}}},"fnMap":{"0":{"name":"(anonymous_0)","decl":{"start":{"line":7,"column":20},"end":{"line":7,"column":21}},"loc":{"start":{"line":7,"column":26},"end":{"line":49,"column":1}},"line":7},"1":{"name":"(anonymous_1)","decl":{"start":{"line":12,"column":12},"end":{"line":12,"column":13}},"loc":{"start":{"line":12,"column":18},"end":{"line":16,"column":3}},"line":12},"2":{"name":"(anonymous_2)","decl":{"start":{"line":32,"column":38},"end":{"line":32,"column":39}},"loc":{"start":{"line":32,"column":44},"end":{"line":32,"column":61}},"line":32},"3":{"name":"(anonymous_3)","decl":{"start":{"line":39,"column":38},"end":{"line":39,"column":39}},"loc":{"start":{"line":39,"column":44},"end":{"line":39,"column":60}},"line":39}},"branchMap":{"0":{"loc":{"start":{"line":13,"column":4},"end":{"line":15,"column":5}},"type":"if","locations":[{"start":{"line":13,"column":4},"end":{"line":15,"column":5}},{"start":{},"end":{}}],"line":13},"1":{"loc":{"start":{"line":24,"column":11},"end":{"line":24,"column":58}},"type":"binary-expr","locations":[{"start":{"line":24,"column":11},"end":{"line":24,"column":18}},{"start":{"line":24,"column":22},"end":{"line":24,"column":58}}],"line":24},"2":{"loc":{"start":{"line":26,"column":11},"end":{"line":26,"column":57}},"type":"cond-expr","locations":[{"start":{"line":26,"column":21},"end":{"line":26,"column":34}},{"start":{"line":26,"column":37},"end":{"line":26,"column":57}}],"line":26},"3":{"loc":{"start":{"line":29,"column":13},"end":{"line":43,"column":13}},"type":"cond-expr","locations":[{"start":{"line":30,"column":14},"end":{"line":35,"column":18}},{"start":{"line":37,"column":14},"end":{"line":42,"column":18}}],"line":29}},"s":{"0":1,"1":1,"2":1,"3":1,"4":1,"5":1,"6":0,"7":1,"8":0,"9":0},"f":{"0":1,"1":1,"2":0,"3":0},"b":{"0":[0,1],"1":[1,0],"2":[1,0],"3":[1,0]},"_coverageSchema":"1a1c01bbd47fc00a2c39e90264f33305004495a9","hash":"1336ca6ef56737db86f160568c594c669d59aa1a"}
,"/Users/arisnguyen/Desktop/SoftwareEngineeringApp/frontend/src/pages/LoginForm.jsx": {"path":"/Users/arisnguyen/Desktop/SoftwareEngineeringApp/frontend/src/pages/LoginForm.jsx","statementMap":{"0":{"start":{"line":5,"column":18},"end":{"line":70,"column":1}},"1":{"start":{"line":6,"column":28},"end":{"line":6,"column":40}},"2":{"start":{"line":7,"column":34},"end":{"line":7,"column":46}},"3":{"start":{"line":8,"column":32},"end":{"line":8,"column":44}},"4":{"start":{"line":9,"column":19},"end":{"line":9,"column":32}},"5":{"start":{"line":11,"column":22},"end":{"line":33,"column":3}},"6":{"start":{"line":12,"column":4},"end":{"line":12,"column":23}},"7":{"start":{"line":13,"column":4},"end":{"line":32,"column":5}},"8":{"start":{"line":14,"column":23},"end":{"line":20,"column":8}},"9":{"start":{"line":22,"column":19},"end":{"line":22,"column":40}},"10":{"start":{"line":23,"column":6},"end":{"line":29,"column":7}},"11":{"start":{"line":24,"column":8},"end":{"line":24,"column":57}},"12":{"start":{"line":25,"column":8},"end":{"line":25,"column":40}},"13":{"start":{"line":26,"column":8},"end":{"line":26,"column":45}},"14":{"start":{"line":28,"column":8},"end":{"line":28,"column":51}},"15":{"start":{"line":31,"column":6},"end":{"line":31,"column":51}},"16":{"start":{"line":35,"column":2},"end":{"line":69,"column":4}},"17":{"start":{"line":46,"column":29},"end":{"line":46,"column":53}},"18":{"start":{"line":56,"column":29},"end":{"line":56,"column":56}}},"fnMap":{"0":{"name":"(anonymous_0)","decl":{"start":{"line":5,"column":18},"end":{"line":5,"column":19}},"loc":{"start":{"line":5,"column":24},"end":{"line":70,"column":1}},"line":5},"1":{"name":"(anonymous_1)","decl":{"start":{"line":11,"column":22},"end":{"line":11,"column":23}},"loc":{"start":{"line":11,"column":35},"end":{"line":33,"column":3}},"line":11},"2":{"name":"(anonymous_2)","decl":{"start":{"line":46,"column":22},"end":{"line":46,"column":23}},"loc":{"start":{"line":46,"column":29},"end":{"line":46,"column":53}},"line":46},"3":{"name":"(anonymous_3)","decl":{"start":{"line":56,"column":22},"end":{"line":56,"column":23}},"loc":{"start":{"line":56,"column":29},"end":{"line":56,"column":56}},"line":56}},"branchMap":{"0":{"loc":{"start":{"line":23,"column":6},"end":{"line":29,"column":7}},"type":"if","locations":[{"start":{"line":23,"column":6},"end":{"line":29,"column":7}},{"start":{"line":27,"column":13},"end":{"line":29,"column":7}}],"line":23},"1":{"loc":{"start":{"line":28,"column":19},"end":{"line":28,"column":49}},"type":"binary-expr","locations":[{"start":{"line":28,"column":19},"end":{"line":28,"column":31}},{"start":{"line":28,"column":35},"end":{"line":28,"column":49}}],"line":28},"2":{"loc":{"start":{"line":63,"column":7},"end":{"line":67,"column":7}},"type":"binary-expr","locations":[{"start":{"line":63,"column":7},"end":{"line":63,"column":14}},{"start":{"line":64,"column":8},"end":{"line":66,"column":12}}],"line":63},"3":{"loc":{"start":{"line":64,"column":33},"end":{"line":64,"column":82}},"type":"cond-expr","locations":[{"start":{"line":64,"column":63},"end":{"line":64,"column":72}},{"start":{"line":64,"column":75},"end":{"line":64,"column":82}}],"line":64}},"s":{"0":2,"1":14,"2":14,"3":14,"4":14,"5":14,"6":2,"7":2,"8":2,"9":2,"10":2,"11":1,"12":1,"13":1,"14":1,"15":0,"16":14,"17":2,"18":2},"f":{"0":14,"1":2,"2":2,"3":2},"b":{"0":[1,1],"1":[1,0],"2":[14,3],"3":[2,1]},"_coverageSchema":"1a1c01bbd47fc00a2c39e90264f33305004495a9","hash":"236cbe48e8799fa24d63cc119e31724e8d69e7bf"}
,"/Users/arisnguyen/Desktop/SoftwareEngineeringApp/frontend/src/pages/Logout.jsx": {"path":"/Users/arisnguyen/Desktop/SoftwareEngineeringApp/frontend/src/pages/Logout.jsx","statementMap":{"0":{"start":{"line":4,"column":15},"end":{"line":61,"column":1}},"1":{"start":{"line":5,"column":19},"end":{"line":5,"column":32}},"2":{"start":{"line":6,"column":32},"end":{"line":6,"column":46}},"3":{"start":{"line":7,"column":28},"end":{"line":7,"column":42}},"4":{"start":{"line":9,"column":2},"end":{"line":35,"column":9}},"5":{"start":{"line":10,"column":26},"end":{"line":32,"column":5}},"6":{"start":{"line":11,"column":6},"end":{"line":31,"column":7}},"7":{"start":{"line":12,"column":25},"end":{"line":18,"column":10}},"8":{"start":{"line":20,"column":8},"end":{"line":22,"column":9}},"9":{"start":{"line":21,"column":10},"end":{"line":21,"column":54}},"10":{"start":{"line":24,"column":8},"end":{"line":24,"column":30}},"11":{"start":{"line":26,"column":8},"end":{"line":26,"column":41}},"12":{"start":{"line":28,"column":8},"end":{"line":30,"column":16}},"13":{"start":{"line":29,"column":10},"end":{"line":29,"column":28}},"14":{"start":{"line":34,"column":4},"end":{"line":34,"column":20}},"15":{"start":{"line":37,"column":2},"end":{"line":44,"column":26}},"16":{"start":{"line":38,"column":4},"end":{"line":43,"column":5}},"17":{"start":{"line":39,"column":20},"end":{"line":41,"column":13}},"18":{"start":{"line":40,"column":8},"end":{"line":40,"column":41}},"19":{"start":{"line":42,"column":6},"end":{"line":42,"column":39}},"20":{"start":{"line":42,"column":19},"end":{"line":42,"column":38}},"21":{"start":{"line":46,"column":2},"end":{"line":60,"column":4}}},"fnMap":{"0":{"name":"(anonymous_0)","decl":{"start":{"line":4,"column":15},"end":{"line":4,"column":16}},"loc":{"start":{"line":4,"column":21},"end":{"line":61,"column":1}},"line":4},"1":{"name":"(anonymous_1)","decl":{"start":{"line":9,"column":12},"end":{"line":9,"column":13}},"loc":{"start":{"line":9,"column":18},"end":{"line":35,"column":3}},"line":9},"2":{"name":"(anonymous_2)","decl":{"start":{"line":10,"column":26},"end":{"line":10,"column":27}},"loc":{"start":{"line":10,"column":38},"end":{"line":32,"column":5}},"line":10},"3":{"name":"(anonymous_3)","decl":{"start":{"line":28,"column":19},"end":{"line":28,"column":20}},"loc":{"start":{"line":28,"column":25},"end":{"line":30,"column":9}},"line":28},"4":{"name":"(anonymous_4)","decl":{"start":{"line":37,"column":12},"end":{"line":37,"column":13}},"loc":{"start":{"line":37,"column":18},"end":{"line":44,"column":3}},"line":37},"5":{"name":"(anonymous_5)","decl":{"start":{"line":39,"column":31},"end":{"line":39,"column":32}},"loc":{"start":{"line":39,"column":37},"end":{"line":41,"column":7}},"line":39},"6":{"name":"(anonymous_6)","decl":{"start":{"line":42,"column":13},"end":{"line":42,"column":14}},"loc":{"start":{"line":42,"column":19},"end":{"line":42,"column":38}},"line":42}},"branchMap":{"0":{"loc":{"start":{"line":20,"column":8},"end":{"line":22,"column":9}},"type":"if","locations":[{"start":{"line":20,"column":8},"end":{"line":22,"column":9}},{"start":{},"end":{}}],"line":20},"1":{"loc":{"start":{"line":38,"column":4},"end":{"line":43,"column":5}},"type":"if","locations":[{"start":{"line":38,"column":4},"end":{"line":43,"column":5}},{"start":{},"end":{}}],"line":38},"2":{"loc":{"start":{"line":48,"column":7},"end":{"line":58,"column":14}},"type":"cond-expr","locations":[{"start":{"line":49,"column":8},"end":{"line":51,"column":14}},{"start":{"line":52,"column":10},"end":{"line":58,"column":14}}],"line":48},"3":{"loc":{"start":{"line":52,"column":10},"end":{"line":58,"column":14}},"type":"cond-expr","locations":[{"start":{"line":53,"column":8},"end":{"line":57,"column":14}},{"start":{"line":58,"column":10},"end":{"line":58,"column":14}}],"line":52}},"s":{"0":1,"1":0,"2":0,"3":0,"4":0,"5":0,"6":0,"7":0,"8":0,"9":0,"10":0,"11":0,"12":0,"13":0,"14":0,"15":0,"16":0,"17":0,"18":0,"19":0,"20":0,"21":0},"f":{"0":0,"1":0,"2":0,"3":0,"4":0,"5":0,"6":0},"b":{"0":[0,0],"1":[0,0],"2":[0,0],"3":[0,0]},"_coverageSchema":"1a1c01bbd47fc00a2c39e90264f33305004495a9","hash":"3e3e53f2d71221e4ff8df9121cbb2ecc895c0ec3"}
,"/Users/arisnguyen/Desktop/SoftwareEngineeringApp/frontend/src/pages/RecentSearchesPage.jsx": {"path":"/Users/arisnguyen/Desktop/SoftwareEngineeringApp/frontend/src/pages/RecentSearchesPage.jsx","statementMap":{"0":{"start":{"line":5,"column":23},"end":{"line":193,"column":1}},"1":{"start":{"line":6,"column":46},"end":{"line":6,"column":58}},"2":{"start":{"line":7,"column":28},"end":{"line":7,"column":42}},"3":{"start":{"line":8,"column":36},"end":{"line":8,"column":50}},"4":{"start":{"line":9,"column":19},"end":{"line":9,"column":32}},"5":{"start":{"line":10,"column":26},"end":{"line":10,"column":37}},"6":{"start":{"line":11,"column":34},"end":{"line":11,"column":46}},"7":{"start":{"line":12,"column":38},"end":{"line":12,"column":49}},"8":{"start":{"line":14,"column":2},"end":{"line":49,"column":9}},"9":{"start":{"line":15,"column":32},"end":{"line":46,"column":5}},"10":{"start":{"line":16,"column":20},"end":{"line":16,"column":49}},"11":{"start":{"line":17,"column":6},"end":{"line":21,"column":7}},"12":{"start":{"line":18,"column":8},"end":{"line":18,"column":58}},"13":{"start":{"line":19,"column":8},"end":{"line":19,"column":28}},"14":{"start":{"line":20,"column":8},"end":{"line":20,"column":15}},"15":{"start":{"line":23,"column":6},"end":{"line":45,"column":7}},"16":{"start":{"line":24,"column":8},"end":{"line":24,"column":27}},"17":{"start":{"line":25,"column":25},"end":{"line":29,"column":10}},"18":{"start":{"line":31,"column":8},"end":{"line":33,"column":9}},"19":{"start":{"line":32,"column":10},"end":{"line":32,"column":81}},"20":{"start":{"line":35,"column":21},"end":{"line":35,"column":42}},"21":{"start":{"line":36,"column":8},"end":{"line":36,"column":51}},"22":{"start":{"line":37,"column":25},"end":{"line":37,"column":56}},"23":{"start":{"line":38,"column":8},"end":{"line":38,"column":36}},"24":{"start":{"line":39,"column":8},"end":{"line":39,"column":61}},"25":{"start":{"line":41,"column":8},"end":{"line":41,"column":60}},"26":{"start":{"line":42,"column":8},"end":{"line":42,"column":28}},"27":{"start":{"line":44,"column":8},"end":{"line":44,"column":28}},"28":{"start":{"line":48,"column":4},"end":{"line":48,"column":26}},"29":{"start":{"line":52,"column":2},"end":{"line":55,"column":40}},"30":{"start":{"line":53,"column":4},"end":{"line":53,"column":63}},"31":{"start":{"line":54,"column":4},"end":{"line":54,"column":15}},"32":{"start":{"line":58,"column":29},"end":{"line":82,"column":3}},"33":{"start":{"line":59,"column":18},"end":{"line":59,"column":47}},"34":{"start":{"line":60,"column":4},"end":{"line":60,"column":23}},"35":{"start":{"line":60,"column":16},"end":{"line":60,"column":23}},"36":{"start":{"line":62,"column":4},"end":{"line":81,"column":5}},"37":{"start":{"line":63,"column":23},"end":{"line":68,"column":8}},"38":{"start":{"line":70,"column":6},"end":{"line":78,"column":7}},"39":{"start":{"line":71,"column":8},"end":{"line":75,"column":11}},"40":{"start":{"line":72,"column":34},"end":{"line":72,"column":75}},"41":{"start":{"line":72,"column":58},"end":{"line":72,"column":74}},"42":{"start":{"line":73,"column":10},"end":{"line":73,"column":70}},"43":{"start":{"line":74,"column":10},"end":{"line":74,"column":33}},"44":{"start":{"line":77,"column":8},"end":{"line":77,"column":51}},"45":{"start":{"line":80,"column":6},"end":{"line":80,"column":26}},"46":{"start":{"line":85,"column":28},"end":{"line":93,"column":3}},"47":{"start":{"line":86,"column":19},"end":{"line":86,"column":40}},"48":{"start":{"line":87,"column":4},"end":{"line":87,"column":37}},"49":{"start":{"line":89,"column":4},"end":{"line":89,"column":67}},"50":{"start":{"line":89,"column":25},"end":{"line":89,"column":67}},"51":{"start":{"line":90,"column":4},"end":{"line":90,"column":64}},"52":{"start":{"line":90,"column":24},"end":{"line":90,"column":64}},"53":{"start":{"line":91,"column":4},"end":{"line":91,"column":70}},"54":{"start":{"line":91,"column":26},"end":{"line":91,"column":70}},"55":{"start":{"line":92,"column":4},"end":{"line":92,"column":62}},"56":{"start":{"line":96,"column":31},"end":{"line":99,"column":3}},"57":{"start":{"line":97,"column":4},"end":{"line":97,"column":40}},"58":{"start":{"line":98,"column":4},"end":{"line":98,"column":15}},"59":{"start":{"line":101,"column":28},"end":{"line":104,"column":3}},"60":{"start":{"line":106,"column":2},"end":{"line":192,"column":4}},"61":{"start":{"line":129,"column":35},"end":{"line":136,"column":17}},"62":{"start":{"line":138,"column":16},"end":{"line":163,"column":18}},"63":{"start":{"line":147,"column":39},"end":{"line":151,"column":25}},"64":{"start":{"line":157,"column":39},"end":{"line":157,"column":72}}},"fnMap":{"0":{"name":"(anonymous_0)","decl":{"start":{"line":5,"column":23},"end":{"line":5,"column":24}},"loc":{"start":{"line":5,"column":29},"end":{"line":193,"column":1}},"line":5},"1":{"name":"(anonymous_1)","decl":{"start":{"line":14,"column":12},"end":{"line":14,"column":13}},"loc":{"start":{"line":14,"column":18},"end":{"line":49,"column":3}},"line":14},"2":{"name":"(anonymous_2)","decl":{"start":{"line":15,"column":32},"end":{"line":15,"column":33}},"loc":{"start":{"line":15,"column":44},"end":{"line":46,"column":5}},"line":15},"3":{"name":"(anonymous_3)","decl":{"start":{"line":52,"column":12},"end":{"line":52,"column":13}},"loc":{"start":{"line":52,"column":18},"end":{"line":55,"column":3}},"line":52},"4":{"name":"(anonymous_4)","decl":{"start":{"line":58,"column":29},"end":{"line":58,"column":30}},"loc":{"start":{"line":58,"column":43},"end":{"line":82,"column":3}},"line":58},"5":{"name":"(anonymous_5)","decl":{"start":{"line":71,"column":26},"end":{"line":71,"column":27}},"loc":{"start":{"line":71,"column":36},"end":{"line":75,"column":9}},"line":71},"6":{"name":"(anonymous_6)","decl":{"start":{"line":72,"column":46},"end":{"line":72,"column":47}},"loc":{"start":{"line":72,"column":58},"end":{"line":72,"column":74}},"line":72},"7":{"name":"(anonymous_7)","decl":{"start":{"line":85,"column":28},"end":{"line":85,"column":29}},"loc":{"start":{"line":85,"column":71},"end":{"line":93,"column":3}},"line":85},"8":{"name":"(anonymous_8)","decl":{"start":{"line":96,"column":31},"end":{"line":96,"column":32}},"loc":{"start":{"line":96,"column":38},"end":{"line":99,"column":3}},"line":96},"9":{"name":"(anonymous_9)","decl":{"start":{"line":128,"column":37},"end":{"line":128,"column":38}},"loc":{"start":{"line":128,"column":49},"end":{"line":164,"column":15}},"line":128},"10":{"name":"(anonymous_10)","decl":{"start":{"line":147,"column":33},"end":{"line":147,"column":34}},"loc":{"start":{"line":147,"column":39},"end":{"line":151,"column":25}},"line":147},"11":{"name":"(anonymous_11)","decl":{"start":{"line":157,"column":33},"end":{"line":157,"column":34}},"loc":{"start":{"line":157,"column":39},"end":{"line":157,"column":72}},"line":157}},"branchMap":{"0":{"loc":{"start":{"line":17,"column":6},"end":{"line":21,"column":7}},"type":"if","locations":[{"start":{"line":17,"column":6},"end":{"line":21,"column":7}},{"start":{},"end":{}}],"line":17},"1":{"loc":{"start":{"line":31,"column":8},"end":{"line":33,"column":9}},"type":"if","locations":[{"start":{"line":31,"column":8},"end":{"line":33,"column":9}},{"start":{},"end":{}}],"line":31},"2":{"loc":{"start":{"line":37,"column":25},"end":{"line":37,"column":56}},"type":"cond-expr","locations":[{"start":{"line":37,"column":47},"end":{"line":37,"column":51}},{"start":{"line":37,"column":54},"end":{"line":37,"column":56}}],"line":37},"3":{"loc":{"start":{"line":60,"column":4},"end":{"line":60,"column":23}},"type":"if","locations":[{"start":{"line":60,"column":4},"end":{"line":60,"column":23}},{"start":{},"end":{}}],"line":60},"4":{"loc":{"start":{"line":70,"column":6},"end":{"line":78,"column":7}},"type":"if","locations":[{"start":{"line":70,"column":6},"end":{"line":78,"column":7}},{"start":{"line":76,"column":13},"end":{"line":78,"column":7}}],"line":70},"5":{"loc":{"start":{"line":85,"column":54},"end":{"line":85,"column":66}},"type":"default-arg","locations":[{"start":{"line":85,"column":64},"end":{"line":85,"column":66}}],"line":85},"6":{"loc":{"start":{"line":89,"column":4},"end":{"line":89,"column":67}},"type":"if","locations":[{"start":{"line":89,"column":4},"end":{"line":89,"column":67}},{"start":{},"end":{}}],"line":89},"7":{"loc":{"start":{"line":90,"column":4},"end":{"line":90,"column":64}},"type":"if","locations":[{"start":{"line":90,"column":4},"end":{"line":90,"column":64}},{"start":{},"end":{}}],"line":90},"8":{"loc":{"start":{"line":91,"column":4},"end":{"line":91,"column":70}},"type":"if","locations":[{"start":{"line":91,"column":4},"end":{"line":91,"column":70}},{"start":{},"end":{}}],"line":91},"9":{"loc":{"start":{"line":109,"column":7},"end":{"line":109,"column":56}},"type":"binary-expr","locations":[{"start":{"line":109,"column":7},"end":{"line":109,"column":12}},{"start":{"line":109,"column":16},"end":{"line":109,"column":56}}],"line":109},"10":{"loc":{"start":{"line":111,"column":7},"end":{"line":190,"column":7}},"type":"cond-expr","locations":[{"start":{"line":112,"column":8},"end":{"line":112,"column":41}},{"start":{"line":113,"column":10},"end":{"line":190,"column":7}}],"line":111},"11":{"loc":{"start":{"line":113,"column":10},"end":{"line":190,"column":7}},"type":"cond-expr","locations":[{"start":{"line":114,"column":8},"end":{"line":114,"column":68}},{"start":{"line":116,"column":8},"end":{"line":189,"column":11}}],"line":113},"12":{"loc":{"start":{"line":130,"column":22},"end":{"line":130,"column":37}},"type":"binary-expr","locations":[{"start":{"line":130,"column":22},"end":{"line":130,"column":31}},{"start":{"line":130,"column":35},"end":{"line":130,"column":37}}],"line":130},"13":{"loc":{"start":{"line":131,"column":32},"end":{"line":131,"column":57}},"type":"binary-expr","locations":[{"start":{"line":131,"column":32},"end":{"line":131,"column":51}},{"start":{"line":131,"column":55},"end":{"line":131,"column":57}}],"line":131},"14":{"loc":{"start":{"line":132,"column":30},"end":{"line":132,"column":58}},"type":"binary-expr","locations":[{"start":{"line":132,"column":30},"end":{"line":132,"column":47}},{"start":{"line":132,"column":51},"end":{"line":132,"column":58}}],"line":132},"15":{"loc":{"start":{"line":133,"column":33},"end":{"line":133,"column":58}},"type":"binary-expr","locations":[{"start":{"line":133,"column":33},"end":{"line":133,"column":53}},{"start":{"line":133,"column":57},"end":{"line":133,"column":58}}],"line":133},"16":{"loc":{"start":{"line":134,"column":29},"end":{"line":134,"column":73}},"type":"binary-expr","locations":[{"start":{"line":134,"column":29},"end":{"line":134,"column":45}},{"start":{"line":134,"column":49},"end":{"line":134,"column":73}}],"line":134},"17":{"loc":{"start":{"line":135,"column":27},"end":{"line":135,"column":47}},"type":"binary-expr","locations":[{"start":{"line":135,"column":27},"end":{"line":135,"column":41}},{"start":{"line":135,"column":45},"end":{"line":135,"column":47}}],"line":135}},"s":{"0":2,"1":20,"2":20,"3":20,"4":20,"5":20,"6":20,"7":20,"8":20,"9":6,"10":6,"11":6,"12":1,"13":1,"14":1,"15":5,"16":5,"17":5,"18":3,"19":0,"20":3,"21":3,"22":3,"23":3,"24":3,"25":1,"26":1,"27":4,"28":6,"29":20,"30":9,"31":9,"32":20,"33":1,"34":1,"35":0,"36":1,"37":1,"38":1,"39":1,"40":1,"41":2,"42":1,"43":1,"44":0,"45":0,"46":20,"47":0,"48":0,"49":0,"50":0,"51":0,"52":0,"53":0,"54":0,"55":0,"56":20,"57":0,"58":0,"59":20,"60":20,"61":10,"62":10,"63":0,"64":1},"f":{"0":20,"1":6,"2":6,"3":9,"4":1,"5":1,"6":2,"7":0,"8":0,"9":10,"10":0,"11":1},"b":{"0":[1,5],"1":[0,3],"2":[3,0],"3":[0,1],"4":[1,0],"5":[0],"6":[0,0],"7":[0,0],"8":[0,0],"9":[20,2],"10":[11,9],"11":[3,6],"12":[10,0],"13":[10,0],"14":[10,0],"15":[10,0],"16":[10,0],"17":[10,0]},"_coverageSchema":"1a1c01bbd47fc00a2c39e90264f33305004495a9","hash":"f4a2ef87329953ccd2ade73b46300abf2ee9c9a8"}
,"/Users/arisnguyen/Desktop/SoftwareEngineeringApp/frontend/src/pages/RegistrationForm.jsx": {"path":"/Users/arisnguyen/Desktop/SoftwareEngineeringApp/frontend/src/pages/RegistrationForm.jsx","statementMap":{"0":{"start":{"line":5,"column":19},"end":{"line":5,"column":32}},"1":{"start":{"line":7,"column":26},"end":{"line":11,"column":4}},"2":{"start":{"line":12,"column":28},"end":{"line":12,"column":40}},"3":{"start":{"line":14,"column":23},"end":{"line":16,"column":3}},"4":{"start":{"line":15,"column":4},"end":{"line":15,"column":52}},"5":{"start":{"line":18,"column":23},"end":{"line":20,"column":3}},"6":{"start":{"line":19,"column":4},"end":{"line":19,"column":58}},"7":{"start":{"line":22,"column":23},"end":{"line":58,"column":3}},"8":{"start":{"line":23,"column":4},"end":{"line":23,"column":23}},"9":{"start":{"line":25,"column":4},"end":{"line":29,"column":5}},"10":{"start":{"line":26,"column":6},"end":{"line":26,"column":53}},"11":{"start":{"line":27,"column":6},"end":{"line":27,"column":25}},"12":{"start":{"line":28,"column":6},"end":{"line":28,"column":13}},"13":{"start":{"line":32,"column":4},"end":{"line":35,"column":5}},"14":{"start":{"line":33,"column":6},"end":{"line":33,"column":41}},"15":{"start":{"line":34,"column":6},"end":{"line":34,"column":13}},"16":{"start":{"line":37,"column":4},"end":{"line":57,"column":5}},"17":{"start":{"line":38,"column":23},"end":{"line":45,"column":8}},"18":{"start":{"line":47,"column":19},"end":{"line":47,"column":40}},"19":{"start":{"line":49,"column":6},"end":{"line":51,"column":7}},"20":{"start":{"line":50,"column":8},"end":{"line":50,"column":63}},"21":{"start":{"line":54,"column":6},"end":{"line":54,"column":55}},"22":{"start":{"line":56,"column":6},"end":{"line":56,"column":28}},"23":{"start":{"line":60,"column":2},"end":{"line":108,"column":4}}},"fnMap":{"0":{"name":"Register","decl":{"start":{"line":4,"column":9},"end":{"line":4,"column":17}},"loc":{"start":{"line":4,"column":20},"end":{"line":109,"column":1}},"line":4},"1":{"name":"(anonymous_1)","decl":{"start":{"line":14,"column":23},"end":{"line":14,"column":24}},"loc":{"start":{"line":14,"column":34},"end":{"line":16,"column":3}},"line":14},"2":{"name":"(anonymous_2)","decl":{"start":{"line":18,"column":23},"end":{"line":18,"column":24}},"loc":{"start":{"line":18,"column":30},"end":{"line":20,"column":3}},"line":18},"3":{"name":"(anonymous_3)","decl":{"start":{"line":22,"column":23},"end":{"line":22,"column":24}},"loc":{"start":{"line":22,"column":36},"end":{"line":58,"column":3}},"line":22}},"branchMap":{"0":{"loc":{"start":{"line":25,"column":4},"end":{"line":29,"column":5}},"type":"if","locations":[{"start":{"line":25,"column":4},"end":{"line":29,"column":5}},{"start":{},"end":{}}],"line":25},"1":{"loc":{"start":{"line":32,"column":4},"end":{"line":35,"column":5}},"type":"if","locations":[{"start":{"line":32,"column":4},"end":{"line":35,"column":5}},{"start":{},"end":{}}],"line":32},"2":{"loc":{"start":{"line":49,"column":6},"end":{"line":51,"column":7}},"type":"if","locations":[{"start":{"line":49,"column":6},"end":{"line":51,"column":7}},{"start":{},"end":{}}],"line":49},"3":{"loc":{"start":{"line":50,"column":24},"end":{"line":50,"column":61}},"type":"binary-expr","locations":[{"start":{"line":50,"column":24},"end":{"line":50,"column":36}},{"start":{"line":50,"column":40},"end":{"line":50,"column":61}}],"line":50},"4":{"loc":{"start":{"line":63,"column":7},"end":{"line":67,"column":7}},"type":"binary-expr","locations":[{"start":{"line":63,"column":7},"end":{"line":63,"column":12}},{"start":{"line":64,"column":8},"end":{"line":66,"column":12}}],"line":63},"5":{"loc":{"start":{"line":64,"column":33},"end":{"line":64,"column":80}},"type":"cond-expr","locations":[{"start":{"line":64,"column":61},"end":{"line":64,"column":70}},{"start":{"line":64,"column":73},"end":{"line":64,"column":80}}],"line":64}},"s":{"0":21,"1":21,"2":21,"3":21,"4":4,"5":21,"6":12,"7":21,"8":4,"9":4,"10":1,"11":1,"12":1,"13":3,"14":1,"15":1,"16":2,"17":2,"18":2,"19":2,"20":1,"21":1,"22":1,"23":21},"f":{"0":21,"1":4,"2":12,"3":4},"b":{"0":[1,3],"1":[1,2],"2":[1,1],"3":[1,0],"4":[21,3],"5":[0,3]},"_coverageSchema":"1a1c01bbd47fc00a2c39e90264f33305004495a9","hash":"433ac0259d23aa50124537a5be1601037fad3af0"}
}
