TN:
SF:src/App.jsx
FN:13,App
FNF:1
FNH:1
FNDA:4,App
DA:14,4
LF:1
LH:1
BRF:0
BRH:0
end_of_record
TN:
SF:src/components/PaginationControls.jsx
FN:3,(anonymous_0)
FN:7,(anonymous_1)
FN:14,(anonymous_2)
FNF:3
FNH:1
FNDA:3,(anonymous_0)
FNDA:0,(anonymous_1)
FNDA:0,(anonymous_2)
DA:3,4
DA:4,3
DA:7,0
DA:14,0
LF:4
LH:2
BRF:0
BRH:0
end_of_record
TN:
SF:src/components/ProtectRoute.jsx
FN:4,(anonymous_0)
FNF:1
FNH:1
FNDA:3,(anonymous_0)
DA:4,1
DA:5,3
DA:7,3
DA:8,2
DA:11,1
LF:5
LH:5
BRDA:7,0,0,2
BRDA:7,0,1,1
BRF:2
BRH:2
end_of_record
TN:
SF:src/components/SaveSearchPopover.jsx
FN:3,(anonymous_0)
FN:9,(anonymous_1)
FN:15,(anonymous_2)
FN:27,(anonymous_3)
FN:52,(anonymous_4)
FNF:5
FNH:2
FNDA:2,(anonymous_0)
FNDA:2,(anonymous_1)
FNDA:0,(anonymous_2)
FNDA:0,(anonymous_3)
FNDA:0,(anonymous_4)
DA:3,3
DA:4,2
DA:5,2
DA:6,2
DA:7,2
DA:9,2
DA:10,2
DA:11,2
DA:15,2
DA:16,0
DA:17,0
DA:18,0
DA:21,0
DA:22,0
DA:24,0
DA:25,0
DA:26,0
DA:27,0
DA:28,0
DA:29,0
DA:30,0
DA:33,0
DA:34,0
DA:36,0
DA:39,0
DA:43,2
DA:52,0
LF:27
LH:10
BRDA:10,0,0,2
BRDA:10,0,1,0
BRDA:16,1,0,0
BRDA:16,1,1,0
BRDA:33,2,0,0
BRDA:33,2,1,0
BRDA:57,3,0,2
BRDA:57,3,1,0
BRDA:58,4,0,0
BRDA:58,4,1,0
BRDA:67,5,0,0
BRDA:67,5,1,2
BRF:12
BRH:3
end_of_record
TN:
SF:src/components/SearchFilters.jsx
FN:3,(anonymous_0)
FN:6,(anonymous_1)
FN:12,(anonymous_2)
FN:16,(anonymous_3)
FN:26,(anonymous_4)
FNF:5
FNH:3
FNDA:26,(anonymous_0)
FNDA:78,(anonymous_1)
FNDA:0,(anonymous_2)
FNDA:144,(anonymous_3)
FNDA:0,(anonymous_4)
DA:3,3
DA:4,26
DA:7,78
DA:12,0
DA:17,144
DA:26,0
LF:6
LH:4
BRDA:9,0,0,52
BRDA:9,0,1,26
BRDA:11,1,0,52
BRDA:11,1,1,52
BRDA:25,2,0,26
BRDA:25,2,1,26
BRF:6
BRH:6
end_of_record
TN:
SF:src/components/SearchResultsGrid.jsx
FN:4,(anonymous_0)
FN:21,(anonymous_1)
FN:29,(anonymous_2)
FNF:3
FNH:1
FNDA:26,(anonymous_0)
FNDA:0,(anonymous_1)
FNDA:0,(anonymous_2)
DA:4,3
DA:12,26
DA:13,24
DA:14,22
DA:16,20
DA:17,20
DA:19,20
DA:22,0
DA:30,0
DA:31,0
LF:10
LH:7
BRDA:10,0,0,14
BRDA:12,1,0,2
BRDA:12,1,1,24
BRDA:13,2,0,2
BRDA:13,2,1,22
BRDA:14,3,0,2
BRDA:14,3,1,20
BRDA:14,4,0,22
BRDA:14,4,1,22
BRDA:16,5,0,20
BRDA:16,5,1,11
BRDA:17,6,0,20
BRDA:17,6,1,11
BRDA:23,7,0,0
BRDA:23,7,1,0
BRDA:38,8,0,0
BRDA:38,8,1,0
BRF:17
BRH:13
end_of_record
TN:
SF:src/components/useSearch.jsx
FN:5,(anonymous_0)
FN:17,(anonymous_1)
FN:31,(anonymous_2)
FN:67,(anonymous_3)
FN:79,(anonymous_4)
FN:99,(anonymous_5)
FN:102,(anonymous_6)
FN:115,(anonymous_7)
FNF:8
FNH:0
FNDA:0,(anonymous_0)
FNDA:0,(anonymous_1)
FNDA:0,(anonymous_2)
FNDA:0,(anonymous_3)
FNDA:0,(anonymous_4)
FNDA:0,(anonymous_5)
FNDA:0,(anonymous_6)
FNDA:0,(anonymous_7)
DA:5,1
DA:6,0
DA:7,0
DA:8,0
DA:9,0
DA:10,0
DA:11,0
DA:12,0
DA:13,0
DA:14,0
DA:15,0
DA:17,0
DA:18,0
DA:19,0
DA:20,0
DA:23,0
DA:25,0
DA:31,0
DA:32,0
DA:35,0
DA:36,0
DA:37,0
DA:43,0
DA:44,0
DA:45,0
DA:46,0
DA:48,0
DA:51,0
DA:52,0
DA:54,0
DA:55,0
DA:56,0
DA:57,0
DA:59,0
DA:60,0
DA:61,0
DA:63,0
DA:67,0
DA:68,0
DA:69,0
DA:70,0
DA:71,0
DA:74,0
DA:75,0
DA:79,0
DA:88,0
DA:90,0
DA:91,0
DA:92,0
DA:94,0
DA:99,0
DA:100,0
DA:101,0
DA:102,0
DA:103,0
DA:106,0
DA:107,0
DA:109,0
DA:110,0
DA:115,0
DA:116,0
DA:117,0
DA:121,0
LF:63
LH:1
BRDA:7,0,0,0
BRDA:7,0,1,0
BRDA:18,1,0,0
BRDA:18,1,1,0
BRDA:32,2,0,0
BRDA:32,2,1,0
BRDA:32,3,0,0
BRDA:32,3,1,0
BRDA:43,4,0,0
BRDA:43,4,1,0
BRDA:44,5,0,0
BRDA:44,5,1,0
BRDA:45,6,0,0
BRDA:45,6,1,0
BRDA:52,7,0,0
BRDA:52,7,1,0
BRDA:55,8,0,0
BRDA:55,8,1,0
BRDA:56,9,0,0
BRDA:56,9,1,0
BRDA:59,10,0,0
BRDA:59,10,1,0
BRDA:69,11,0,0
BRDA:69,11,1,0
BRDA:91,12,0,0
BRDA:91,12,1,0
BRDA:103,13,0,0
BRDA:103,13,1,0
BRDA:107,14,0,0
BRDA:107,14,1,0
BRDA:109,15,0,0
BRDA:109,15,1,0
BRDA:116,16,0,0
BRDA:116,16,1,0
BRF:34
BRH:0
end_of_record
TN:
SF:src/pages/AudioSearch.jsx
FN:8,(anonymous_0)
FN:10,(anonymous_1)
FN:45,(anonymous_2)
FN:51,(anonymous_3)
FN:56,(anonymous_4)
FN:63,(anonymous_5)
FN:74,(anonymous_6)
FN:77,(anonymous_7)
FN:128,(anonymous_8)
FNF:9
FNH:4
FNDA:12,(anonymous_0)
FNDA:0,(anonymous_1)
FNDA:0,(anonymous_2)
FNDA:0,(anonymous_3)
FNDA:2,(anonymous_4)
FNDA:1,(anonymous_5)
FNDA:0,(anonymous_6)
FNDA:1,(anonymous_7)
FNDA:0,(anonymous_8)
DA:8,2
DA:9,12
DA:10,12
DA:11,0
DA:14,12
DA:20,12
DA:42,12
DA:45,12
DA:46,0
DA:47,0
DA:48,0
DA:51,12
DA:52,0
DA:53,0
DA:56,12
DA:58,12
DA:63,1
DA:74,0
DA:77,1
DA:128,0
LF:20
LH:12
BRDA:77,0,0,1
BRDA:77,0,1,1
BRDA:84,1,0,1
BRDA:84,1,1,11
BRDA:106,2,0,1
BRDA:106,2,1,11
BRDA:106,3,0,12
BRDA:106,3,1,11
BRDA:114,4,0,12
BRDA:114,4,1,0
BRDA:122,5,0,12
BRDA:122,5,1,1
BRF:12
BRH:11
end_of_record
TN:
SF:src/pages/HomePage.jsx
FN:5,(anonymous_0)
FN:8,(anonymous_1)
FNF:2
FNH:0
FNDA:0,(anonymous_0)
FNDA:0,(anonymous_1)
DA:5,1
DA:6,0
DA:8,0
DA:9,0
DA:12,0
LF:5
LH:1
BRF:0
BRH:0
end_of_record
TN:
SF:src/pages/ImageSearch.jsx
FN:9,(anonymous_0)
FN:11,(anonymous_1)
FN:46,(anonymous_2)
FN:52,(anonymous_3)
FN:57,(anonymous_4)
FN:64,(anonymous_5)
FN:75,(anonymous_6)
FN:116,(anonymous_7)
FNF:8
FNH:4
FNDA:14,(anonymous_0)
FNDA:0,(anonymous_1)
FNDA:0,(anonymous_2)
FNDA:0,(anonymous_3)
FNDA:1,(anonymous_4)
FNDA:1,(anonymous_5)
FNDA:1,(anonymous_6)
FNDA:0,(anonymous_7)
DA:9,2
DA:10,14
DA:11,14
DA:12,0
DA:15,14
DA:21,14
DA:43,14
DA:46,14
DA:47,0
DA:48,0
DA:49,0
DA:52,14
DA:53,0
DA:54,0
DA:57,14
DA:59,14
DA:64,1
DA:75,1
DA:116,0
LF:19
LH:12
BRDA:80,0,0,1
BRDA:80,0,1,13
BRDA:99,1,0,1
BRDA:99,1,1,13
BRDA:99,2,0,14
BRDA:99,2,1,13
BRDA:102,3,0,14
BRDA:102,3,1,0
BRDA:110,4,0,14
BRDA:110,4,1,1
BRF:10
BRH:9
end_of_record
TN:
SF:src/pages/LandingPage.jsx
FN:7,(anonymous_0)
FN:12,(anonymous_1)
FN:32,(anonymous_2)
FN:39,(anonymous_3)
FNF:4
FNH:2
FNDA:1,(anonymous_0)
FNDA:1,(anonymous_1)
FNDA:0,(anonymous_2)
FNDA:0,(anonymous_3)
DA:7,1
DA:8,1
DA:9,1
DA:10,1
DA:12,1
DA:13,1
DA:14,0
DA:18,1
DA:32,0
DA:39,0
LF:10
LH:7
BRDA:13,0,0,0
BRDA:13,0,1,1
BRDA:24,1,0,1
BRDA:24,1,1,0
BRDA:26,2,0,1
BRDA:26,2,1,0
BRDA:29,3,0,1
BRDA:29,3,1,0
BRF:8
BRH:4
end_of_record
TN:
SF:src/pages/LoginForm.jsx
FN:5,(anonymous_0)
FN:11,(anonymous_1)
FN:46,(anonymous_2)
FN:56,(anonymous_3)
FNF:4
FNH:4
FNDA:14,(anonymous_0)
FNDA:2,(anonymous_1)
FNDA:2,(anonymous_2)
FNDA:2,(anonymous_3)
DA:5,2
DA:6,14
DA:7,14
DA:8,14
DA:9,14
DA:11,14
DA:12,2
DA:13,2
DA:14,2
DA:22,2
DA:23,2
DA:24,1
DA:25,1
DA:26,1
DA:28,1
DA:31,0
DA:35,14
DA:46,2
DA:56,2
LF:19
LH:18
BRDA:23,0,0,1
BRDA:23,0,1,1
BRDA:28,1,0,1
BRDA:28,1,1,0
BRDA:63,2,0,14
BRDA:63,2,1,3
BRDA:64,3,0,2
BRDA:64,3,1,1
BRF:8
BRH:7
end_of_record
TN:
SF:src/pages/Logout.jsx
FN:4,(anonymous_0)
FN:9,(anonymous_1)
FN:10,(anonymous_2)
FN:28,(anonymous_3)
FN:37,(anonymous_4)
FN:39,(anonymous_5)
FN:42,(anonymous_6)
FNF:7
FNH:0
FNDA:0,(anonymous_0)
FNDA:0,(anonymous_1)
FNDA:0,(anonymous_2)
FNDA:0,(anonymous_3)
FNDA:0,(anonymous_4)
FNDA:0,(anonymous_5)
FNDA:0,(anonymous_6)
DA:4,1
DA:5,0
DA:6,0
DA:7,0
DA:9,0
DA:10,0
DA:11,0
DA:12,0
DA:20,0
DA:21,0
DA:24,0
DA:26,0
DA:28,0
DA:29,0
DA:34,0
DA:37,0
DA:38,0
DA:39,0
DA:40,0
DA:42,0
DA:46,0
LF:21
LH:1
BRDA:20,0,0,0
BRDA:20,0,1,0
BRDA:38,1,0,0
BRDA:38,1,1,0
BRDA:48,2,0,0
BRDA:48,2,1,0
BRDA:52,3,0,0
BRDA:52,3,1,0
BRF:8
BRH:0
end_of_record
TN:
SF:src/pages/RecentSearchesPage.jsx
FN:5,(anonymous_0)
FN:14,(anonymous_1)
FN:15,(anonymous_2)
FN:52,(anonymous_3)
FN:58,(anonymous_4)
FN:71,(anonymous_5)
FN:72,(anonymous_6)
FN:85,(anonymous_7)
FN:96,(anonymous_8)
FN:128,(anonymous_9)
FN:147,(anonymous_10)
FN:157,(anonymous_11)
FNF:12
FNH:9
FNDA:20,(anonymous_0)
FNDA:6,(anonymous_1)
FNDA:6,(anonymous_2)
FNDA:9,(anonymous_3)
FNDA:1,(anonymous_4)
FNDA:1,(anonymous_5)
FNDA:2,(anonymous_6)
FNDA:0,(anonymous_7)
FNDA:0,(anonymous_8)
FNDA:10,(anonymous_9)
FNDA:0,(anonymous_10)
FNDA:1,(anonymous_11)
DA:5,2
DA:6,20
DA:7,20
DA:8,20
DA:9,20
DA:10,20
DA:11,20
DA:12,20
DA:14,20
DA:15,6
DA:16,6
DA:17,6
DA:18,1
DA:19,1
DA:20,1
DA:23,5
DA:24,5
DA:25,5
DA:31,3
DA:32,0
DA:35,3
DA:36,3
DA:37,3
DA:38,3
DA:39,3
DA:41,1
DA:42,1
DA:44,4
DA:48,6
DA:52,20
DA:53,9
DA:54,9
DA:58,20
DA:59,1
DA:60,1
DA:62,1
DA:63,1
DA:70,1
DA:71,1
DA:72,2
DA:73,1
DA:74,1
DA:77,0
DA:80,0
DA:85,20
DA:86,0
DA:87,0
DA:89,0
DA:90,0
DA:91,0
DA:92,0
DA:96,20
DA:97,0
DA:98,0
DA:101,20
DA:106,20
DA:129,10
DA:138,10
DA:147,0
DA:157,1
LF:60
LH:48
BRDA:17,0,0,1
BRDA:17,0,1,5
BRDA:31,1,0,0
BRDA:31,1,1,3
BRDA:37,2,0,3
BRDA:37,2,1,0
BRDA:60,3,0,0
BRDA:60,3,1,1
BRDA:70,4,0,1
BRDA:70,4,1,0
BRDA:85,5,0,0
BRDA:89,6,0,0
BRDA:89,6,1,0
BRDA:90,7,0,0
BRDA:90,7,1,0
BRDA:91,8,0,0
BRDA:91,8,1,0
BRDA:109,9,0,20
BRDA:109,9,1,2
BRDA:111,10,0,11
BRDA:111,10,1,9
BRDA:113,11,0,3
BRDA:113,11,1,6
BRDA:130,12,0,10
BRDA:130,12,1,0
BRDA:131,13,0,10
BRDA:131,13,1,0
BRDA:132,14,0,10
BRDA:132,14,1,0
BRDA:133,15,0,10
BRDA:133,15,1,0
BRDA:134,16,0,10
BRDA:134,16,1,0
BRDA:135,17,0,10
BRDA:135,17,1,0
BRF:35
BRH:18
end_of_record
TN:
SF:src/pages/RegistrationForm.jsx
FN:4,Register
FN:14,(anonymous_1)
FN:18,(anonymous_2)
FN:22,(anonymous_3)
FNF:4
FNH:4
FNDA:21,Register
FNDA:4,(anonymous_1)
FNDA:12,(anonymous_2)
FNDA:4,(anonymous_3)
DA:5,21
DA:7,21
DA:12,21
DA:14,21
DA:15,4
DA:18,21
DA:19,12
DA:22,21
DA:23,4
DA:25,4
DA:26,1
DA:27,1
DA:28,1
DA:32,3
DA:33,1
DA:34,1
DA:37,2
DA:38,2
DA:47,2
DA:49,2
DA:50,1
DA:54,1
DA:56,1
DA:60,21
LF:24
LH:24
BRDA:25,0,0,1
BRDA:25,0,1,3
BRDA:32,1,0,1
BRDA:32,1,1,2
BRDA:49,2,0,1
BRDA:49,2,1,1
BRDA:50,3,0,1
BRDA:50,3,1,0
BRDA:63,4,0,21
BRDA:63,4,1,3
BRDA:64,5,0,0
BRDA:64,5,1,3
BRF:12
BRH:10
end_of_record
